2020.03.13 12:24:51.812 PST INFO: *** SYSTEM START ***
2020.03.13 12:24:52.246 PST WARNING: [Local Folder Repository] The specified file must be a directory. (C:\Users\eduar\Documents\GitHub\NatPro\NatPro\plugins\edu.stanford.smi.protegex.owl) -- LocalFolderRepository.update()
2020.03.13 12:24:52.308 PST INFO: Loading triples for: file:/C:/Users/eduar/Documents/GitHub/NatPro/Ontology/OntoNatPro.owl -- ProtegeOWLParser.loadTriples()
2020.03.13 12:24:52.637 PST INFO:     Completed triple loading after 287 ms -- ProtegeOWLParser.loadTriples()
2020.03.13 12:24:52.640 PST INFO: Postprocess: Process entities with incorrect Java type (0 entities) ...  -- TriplePostProcessor.processFramesWithWrongJavaType()
2020.03.13 12:24:52.643 PST INFO: 0 ms
 -- TriplePostProcessor.processFramesWithWrongJavaType()
2020.03.13 12:24:52.643 PST INFO: Postprocess: Process metaclasses (3 metaclasses) ...  -- TriplePostProcessor.processMetaclasses()
2020.03.13 12:24:52.643 PST INFO: 0 ms
 -- TriplePostProcessor.processMetaclasses()
2020.03.13 12:24:52.644 PST INFO: Postprocess: Process subclasses of rdf:List (1 classes) ...  -- TriplePostProcessor.processSubclassesOfRdfList()
2020.03.13 12:24:52.644 PST INFO: 0 ms
 -- TriplePostProcessor.processSubclassesOfRdfList()
2020.03.13 12:24:52.644 PST INFO: Postprocess: Instances with multiple types (1 instances) ...  -- TriplePostProcessor.processInstancesWithMultipleTypes()
2020.03.13 12:24:52.645 PST INFO: 1 ms
 -- TriplePostProcessor.processInstancesWithMultipleTypes()
2020.03.13 12:24:52.682 PST INFO: Postprocess: Add inferred superclasses ...  -- TriplePostProcessor.processInferredSuperclasses()
2020.03.13 12:24:52.682 PST INFO: 0 ms
 -- TriplePostProcessor.processInferredSuperclasses()
2020.03.13 12:24:52.685 PST INFO: Postprocess: Process orphan classes (14 classes) ...  -- TriplePostProcessor.processOrphanClses()
2020.03.13 12:24:52.685 PST INFO: 0 ms
 -- TriplePostProcessor.processOrphanClses()
2020.03.13 12:24:52.686 PST INFO: Postprocess: Generalized Concept Inclusion (0 axioms) ...  -- TriplePostProcessor.processGeneralizedConceptInclusions()
2020.03.13 12:24:52.687 PST INFO: 1 ms
 -- TriplePostProcessor.processGeneralizedConceptInclusions()
2020.03.13 12:24:52.687 PST INFO: Postprocess: Abstract classes...  -- TriplePostProcessor.processAbstractClasses()
2020.03.13 12:24:52.687 PST INFO: 0 ms
 -- TriplePostProcessor.processAbstractClasses()
2020.03.13 12:24:52.688 PST INFO: Postprocess: Domain and range of properties...  -- TriplePostProcessor.processDomainAndRange()
2020.03.13 12:24:52.689 PST INFO: 1 ms
 -- TriplePostProcessor.processDomainAndRange()
2020.03.13 12:24:52.690 PST INFO: Postprocess: Possibly typed entities (1 resources) ...  -- TriplePostProcessor.processPossiblyTypedResources()
2020.03.13 12:24:52.690 PST INFO: 0 ms
 -- TriplePostProcessor.processPossiblyTypedResources()
2020.03.13 12:24:52.690 PST INFO: Updating underlying frames model in 0 ms -- ProtegeOWLParser.doFinalPostProcessing()
