2020.03.04 11:20:06.167 PST INFO: *** SYSTEM START ***
2020.03.04 11:20:06.605 PST WARNING: [Local Folder Repository] The specified file must be a directory. (C:\Users\eduar\Documents\workspace\OntoNatPro\plugins\edu.stanford.smi.protegex.owl) -- LocalFolderRepository.update()
2020.03.04 11:20:07.864 PST SEVERE: Error at loading file http://www.owl-ontologies.com/PMPlants.owl -- Could not get input stream for http://www.owl-ontologies.com/PMPlants.owl
	at edu.stanford.smi.protegex.owl.jena.parser.ProtegeOWLParser.getInputStream(Unknown Source)
	at edu.stanford.smi.protegex.owl.repository.util.XMLBaseExtractor.getXMLBase(Unknown Source)
	at edu.stanford.smi.protegex.owl.jena.parser.ProtegeOWLParser.run(Unknown Source)
	at edu.stanford.smi.protegex.owl.jena.JenaKnowledgeBaseFactory.loadKnowledgeBase(Unknown Source)
	at edu.stanford.smi.protege.model.Project.loadDomainKB(Unknown Source)
	at edu.stanford.smi.protege.model.Project.createDomainKnowledgeBase(Unknown Source)
	at edu.stanford.smi.protegex.owl.jena.creator.OwlProjectFromUriCreator.create(Unknown Source)
	at edu.stanford.smi.protegex.owl.ProtegeOWL.createJenaOWLModelFromURI(Unknown Source)
	at OntoQuery.<init>(OntoQuery.java:20)
	at Driver.main(Driver.java:7)
Caused by: java.io.IOException: Server returned HTTP response code: 403 for URL: http://www.owl-ontologies.com/PMPlants.owl
	at java.base/sun.net.www.protocol.http.HttpURLConnection.getInputStream0(HttpURLConnection.java:1919)
	at java.base/sun.net.www.protocol.http.HttpURLConnection.getInputStream(HttpURLConnection.java:1515)
	at edu.stanford.smi.protegex.owl.jena.parser.ProtegeOWLParser.getInputStream(Unknown Source)
	... 9 more

2020.03.04 11:20:07.873 PST WARNING: Error found WARNING: java.io.IOException: Server returned HTTP response code: 403 for URL: http://www.owl-ontologies.com/PMPlants.owl -- ProtegeOWL.handleErrors()
2020.03.04 11:20:07.873 PST WARNING: Error found WARNING: Errors at loading OWL file from http://www.owl-ontologies.com/PMPlants.owl

Please consider running the file through an RDF or OWL validation service such as:
  - RDF Validator: http://www.w3.org/RDF/Validator
  - OWL Validator: http://phoebus.cs.man.ac.uk:9999/OWL/Validator -- ProtegeOWL.handleErrors()
2020.03.04 12:22:53.827 PST INFO: *** SYSTEM START ***
2020.03.04 12:22:54.362 PST WARNING: [Local Folder Repository] The specified file must be a directory. (C:\Users\eduar\Documents\workspace\OntoNatPro\plugins\edu.stanford.smi.protegex.owl) -- LocalFolderRepository.update()
2020.03.04 12:22:54.444 PST INFO: Loading triples for: file:/C:/Users/eduar/Documents/GitHub/NatPro/Ontology/OntoNatPro.owl -- ProtegeOWLParser.loadTriples()
2020.03.04 12:22:54.795 PST INFO:     Completed triple loading after 304 ms -- ProtegeOWLParser.loadTriples()
2020.03.04 12:22:54.798 PST INFO: Postprocess: Process entities with incorrect Java type (0 entities) ...  -- TriplePostProcessor.processFramesWithWrongJavaType()
2020.03.04 12:22:54.798 PST INFO: 0 ms
 -- TriplePostProcessor.processFramesWithWrongJavaType()
2020.03.04 12:22:54.798 PST INFO: Postprocess: Process metaclasses (3 metaclasses) ...  -- TriplePostProcessor.processMetaclasses()
2020.03.04 12:22:54.799 PST INFO: 0 ms
 -- TriplePostProcessor.processMetaclasses()
2020.03.04 12:22:54.799 PST INFO: Postprocess: Process subclasses of rdf:List (1 classes) ...  -- TriplePostProcessor.processSubclassesOfRdfList()
2020.03.04 12:22:54.799 PST INFO: 0 ms
 -- TriplePostProcessor.processSubclassesOfRdfList()
2020.03.04 12:22:54.799 PST INFO: Postprocess: Instances with multiple types (1 instances) ...  -- TriplePostProcessor.processInstancesWithMultipleTypes()
2020.03.04 12:22:54.800 PST INFO: 0 ms
 -- TriplePostProcessor.processInstancesWithMultipleTypes()
2020.03.04 12:22:54.845 PST INFO: Postprocess: Add inferred superclasses ...  -- TriplePostProcessor.processInferredSuperclasses()
2020.03.04 12:22:54.845 PST INFO: 0 ms
 -- TriplePostProcessor.processInferredSuperclasses()
2020.03.04 12:22:54.847 PST INFO: Postprocess: Process orphan classes (14 classes) ...  -- TriplePostProcessor.processOrphanClses()
2020.03.04 12:22:54.847 PST INFO: 0 ms
 -- TriplePostProcessor.processOrphanClses()
2020.03.04 12:22:54.847 PST INFO: Postprocess: Generalized Concept Inclusion (0 axioms) ...  -- TriplePostProcessor.processGeneralizedConceptInclusions()
2020.03.04 12:22:54.849 PST INFO: 1 ms
 -- TriplePostProcessor.processGeneralizedConceptInclusions()
2020.03.04 12:22:54.849 PST INFO: Postprocess: Abstract classes...  -- TriplePostProcessor.processAbstractClasses()
2020.03.04 12:22:54.849 PST INFO: 0 ms
 -- TriplePostProcessor.processAbstractClasses()
2020.03.04 12:22:54.849 PST INFO: Postprocess: Domain and range of properties...  -- TriplePostProcessor.processDomainAndRange()
2020.03.04 12:22:54.851 PST INFO: 2 ms
 -- TriplePostProcessor.processDomainAndRange()
2020.03.04 12:22:54.851 PST INFO: Postprocess: Possibly typed entities (1 resources) ...  -- TriplePostProcessor.processPossiblyTypedResources()
2020.03.04 12:22:54.851 PST INFO: 0 ms
 -- TriplePostProcessor.processPossiblyTypedResources()
2020.03.04 12:22:54.852 PST INFO: Updating underlying frames model in 1 ms -- ProtegeOWLParser.doFinalPostProcessing()
2020.03.04 12:38:25.011 PST INFO: *** SYSTEM START ***
2020.03.04 12:38:25.544 PST WARNING: [Local Folder Repository] The specified file must be a directory. (C:\Users\eduar\Documents\workspace\OntoNatPro\plugins\edu.stanford.smi.protegex.owl) -- LocalFolderRepository.update()
2020.03.04 12:38:25.625 PST INFO: Loading triples for: file:/C:/Users/eduar/Documents/GitHub/NatPro/Ontology/OntoNatPro.owl -- ProtegeOWLParser.loadTriples()
2020.03.04 12:38:26.086 PST INFO:     Completed triple loading after 397 ms -- ProtegeOWLParser.loadTriples()
2020.03.04 12:38:26.089 PST INFO: Postprocess: Process entities with incorrect Java type (0 entities) ...  -- TriplePostProcessor.processFramesWithWrongJavaType()
2020.03.04 12:38:26.090 PST INFO: 0 ms
 -- TriplePostProcessor.processFramesWithWrongJavaType()
2020.03.04 12:38:26.090 PST INFO: Postprocess: Process metaclasses (3 metaclasses) ...  -- TriplePostProcessor.processMetaclasses()
2020.03.04 12:38:26.091 PST INFO: 0 ms
 -- TriplePostProcessor.processMetaclasses()
2020.03.04 12:38:26.091 PST INFO: Postprocess: Process subclasses of rdf:List (1 classes) ...  -- TriplePostProcessor.processSubclassesOfRdfList()
2020.03.04 12:38:26.091 PST INFO: 0 ms
 -- TriplePostProcessor.processSubclassesOfRdfList()
2020.03.04 12:38:26.091 PST INFO: Postprocess: Instances with multiple types (1 instances) ...  -- TriplePostProcessor.processInstancesWithMultipleTypes()
2020.03.04 12:38:26.092 PST INFO: 1 ms
 -- TriplePostProcessor.processInstancesWithMultipleTypes()
2020.03.04 12:38:26.140 PST INFO: Postprocess: Add inferred superclasses ...  -- TriplePostProcessor.processInferredSuperclasses()
2020.03.04 12:38:26.140 PST INFO: 0 ms
 -- TriplePostProcessor.processInferredSuperclasses()
2020.03.04 12:38:26.142 PST INFO: Postprocess: Process orphan classes (14 classes) ...  -- TriplePostProcessor.processOrphanClses()
2020.03.04 12:38:26.143 PST INFO: 1 ms
 -- TriplePostProcessor.processOrphanClses()
2020.03.04 12:38:26.143 PST INFO: Postprocess: Generalized Concept Inclusion (0 axioms) ...  -- TriplePostProcessor.processGeneralizedConceptInclusions()
2020.03.04 12:38:26.145 PST INFO: 2 ms
 -- TriplePostProcessor.processGeneralizedConceptInclusions()
2020.03.04 12:38:26.146 PST INFO: Postprocess: Abstract classes...  -- TriplePostProcessor.processAbstractClasses()
2020.03.04 12:38:26.146 PST INFO: 0 ms
 -- TriplePostProcessor.processAbstractClasses()
2020.03.04 12:38:26.146 PST INFO: Postprocess: Domain and range of properties...  -- TriplePostProcessor.processDomainAndRange()
2020.03.04 12:38:26.149 PST INFO: 3 ms
 -- TriplePostProcessor.processDomainAndRange()
2020.03.04 12:38:26.149 PST INFO: Postprocess: Possibly typed entities (1 resources) ...  -- TriplePostProcessor.processPossiblyTypedResources()
2020.03.04 12:38:26.150 PST INFO: 0 ms
 -- TriplePostProcessor.processPossiblyTypedResources()
2020.03.04 12:38:26.150 PST INFO: Updating underlying frames model in 0 ms -- ProtegeOWLParser.doFinalPostProcessing()
2020.03.06 13:29:06.341 PST INFO: *** SYSTEM START ***
2020.03.06 13:29:06.881 PST WARNING: [Local Folder Repository] The specified file must be a directory. (C:\Users\eduar\Documents\workspace\OntoNatPro\plugins\edu.stanford.smi.protegex.owl) -- LocalFolderRepository.update()
2020.03.06 13:29:06.958 PST INFO: Loading triples for: file:/C:/Users/eduar/Documents/GitHub/NatPro/Ontology/OntoNatPro.owl -- ProtegeOWLParser.loadTriples()
2020.03.06 13:29:07.394 PST INFO:     Completed triple loading after 382 ms -- ProtegeOWLParser.loadTriples()
2020.03.06 13:29:07.399 PST INFO: Postprocess: Process entities with incorrect Java type (0 entities) ...  -- TriplePostProcessor.processFramesWithWrongJavaType()
2020.03.06 13:29:07.400 PST INFO: 0 ms
 -- TriplePostProcessor.processFramesWithWrongJavaType()
2020.03.06 13:29:07.400 PST INFO: Postprocess: Process metaclasses (3 metaclasses) ...  -- TriplePostProcessor.processMetaclasses()
2020.03.06 13:29:07.401 PST INFO: 0 ms
 -- TriplePostProcessor.processMetaclasses()
2020.03.06 13:29:07.401 PST INFO: Postprocess: Process subclasses of rdf:List (1 classes) ...  -- TriplePostProcessor.processSubclassesOfRdfList()
2020.03.06 13:29:07.401 PST INFO: 0 ms
 -- TriplePostProcessor.processSubclassesOfRdfList()
2020.03.06 13:29:07.402 PST INFO: Postprocess: Instances with multiple types (1 instances) ...  -- TriplePostProcessor.processInstancesWithMultipleTypes()
2020.03.06 13:29:07.402 PST INFO: 0 ms
 -- TriplePostProcessor.processInstancesWithMultipleTypes()
2020.03.06 13:29:07.458 PST INFO: Postprocess: Add inferred superclasses ...  -- TriplePostProcessor.processInferredSuperclasses()
2020.03.06 13:29:07.458 PST INFO: 0 ms
 -- TriplePostProcessor.processInferredSuperclasses()
2020.03.06 13:29:07.461 PST INFO: Postprocess: Process orphan classes (14 classes) ...  -- TriplePostProcessor.processOrphanClses()
2020.03.06 13:29:07.462 PST INFO: 0 ms
 -- TriplePostProcessor.processOrphanClses()
2020.03.06 13:29:07.462 PST INFO: Postprocess: Generalized Concept Inclusion (0 axioms) ...  -- TriplePostProcessor.processGeneralizedConceptInclusions()
2020.03.06 13:29:07.464 PST INFO: 1 ms
 -- TriplePostProcessor.processGeneralizedConceptInclusions()
2020.03.06 13:29:07.465 PST INFO: Postprocess: Abstract classes...  -- TriplePostProcessor.processAbstractClasses()
2020.03.06 13:29:07.465 PST INFO: 0 ms
 -- TriplePostProcessor.processAbstractClasses()
2020.03.06 13:29:07.465 PST INFO: Postprocess: Domain and range of properties...  -- TriplePostProcessor.processDomainAndRange()
2020.03.06 13:29:07.467 PST INFO: 2 ms
 -- TriplePostProcessor.processDomainAndRange()
2020.03.06 13:29:07.468 PST INFO: Postprocess: Possibly typed entities (1 resources) ...  -- TriplePostProcessor.processPossiblyTypedResources()
2020.03.06 13:29:07.468 PST INFO: 0 ms
 -- TriplePostProcessor.processPossiblyTypedResources()
2020.03.06 13:29:07.468 PST INFO: Updating underlying frames model in 0 ms -- ProtegeOWLParser.doFinalPostProcessing()
