2020.03.04 12:23:24.048 PST INFO: *** SYSTEM START ***
2020.03.04 12:23:24.626 PST WARNING: [Local Folder Repository] The specified file must be a directory. (C:\Users\eduar\Documents\workspace\OntoNatPro\plugins\edu.stanford.smi.protegex.owl) -- LocalFolderRepository.update()
2020.03.04 12:23:24.703 PST INFO: Loading triples for: file:/C:/Users/eduar/Documents/GitHub/NatPro/Ontology/OntoNatPro.owl -- ProtegeOWLParser.loadTriples()
2020.03.04 12:23:25.089 PST INFO:     Completed triple loading after 337 ms -- ProtegeOWLParser.loadTriples()
2020.03.04 12:23:25.094 PST INFO: Postprocess: Process entities with incorrect Java type (0 entities) ...  -- TriplePostProcessor.processFramesWithWrongJavaType()
2020.03.04 12:23:25.097 PST INFO: 0 ms
 -- TriplePostProcessor.processFramesWithWrongJavaType()
2020.03.04 12:23:25.097 PST INFO: Postprocess: Process metaclasses (3 metaclasses) ...  -- TriplePostProcessor.processMetaclasses()
2020.03.04 12:23:25.098 PST INFO: 1 ms
 -- TriplePostProcessor.processMetaclasses()
2020.03.04 12:23:25.098 PST INFO: Postprocess: Process subclasses of rdf:List (1 classes) ...  -- TriplePostProcessor.processSubclassesOfRdfList()
2020.03.04 12:23:25.098 PST INFO: 0 ms
 -- TriplePostProcessor.processSubclassesOfRdfList()
2020.03.04 12:23:25.098 PST INFO: Postprocess: Instances with multiple types (1 instances) ...  -- TriplePostProcessor.processInstancesWithMultipleTypes()
2020.03.04 12:23:25.099 PST INFO: 0 ms
 -- TriplePostProcessor.processInstancesWithMultipleTypes()
2020.03.04 12:23:25.155 PST INFO: Postprocess: Add inferred superclasses ...  -- TriplePostProcessor.processInferredSuperclasses()
2020.03.04 12:23:25.155 PST INFO: 0 ms
 -- TriplePostProcessor.processInferredSuperclasses()
2020.03.04 12:23:25.157 PST INFO: Postprocess: Process orphan classes (14 classes) ...  -- TriplePostProcessor.processOrphanClses()
2020.03.04 12:23:25.158 PST INFO: 0 ms
 -- TriplePostProcessor.processOrphanClses()
2020.03.04 12:23:25.159 PST INFO: Postprocess: Generalized Concept Inclusion (0 axioms) ...  -- TriplePostProcessor.processGeneralizedConceptInclusions()
2020.03.04 12:23:25.160 PST INFO: 1 ms
 -- TriplePostProcessor.processGeneralizedConceptInclusions()
2020.03.04 12:23:25.161 PST INFO: Postprocess: Abstract classes...  -- TriplePostProcessor.processAbstractClasses()
2020.03.04 12:23:25.161 PST INFO: 0 ms
 -- TriplePostProcessor.processAbstractClasses()
2020.03.04 12:23:25.161 PST INFO: Postprocess: Domain and range of properties...  -- TriplePostProcessor.processDomainAndRange()
2020.03.04 12:23:25.163 PST INFO: 2 ms
 -- TriplePostProcessor.processDomainAndRange()
2020.03.04 12:23:25.163 PST INFO: Postprocess: Possibly typed entities (1 resources) ...  -- TriplePostProcessor.processPossiblyTypedResources()
2020.03.04 12:23:25.163 PST INFO: 0 ms
 -- TriplePostProcessor.processPossiblyTypedResources()
2020.03.04 12:23:25.164 PST INFO: Updating underlying frames model in 0 ms -- ProtegeOWLParser.doFinalPostProcessing()
